<?xml version="1.0" encoding="UTF-8"?>
<testng-results skipped="0" failed="0" ignored="0" total="1" passed="1">
  <reporter-output>
  </reporter-output>
  <suite name="Default suite" duration-ms="27651" started-at="2020-12-23T07:25:46Z" finished-at="2020-12-23T07:26:14Z">
    <groups>
    </groups>
    <test name="Default test" duration-ms="27651" started-at="2020-12-23T07:25:46Z" finished-at="2020-12-23T07:26:14Z">
      <class name="com.pro.testcases.TC_LoginTest_001">
        <test-method status="PASS" signature="setUp()[pri:0, instance:com.pro.testcases.TC_LoginTest_001@79924b]" name="setUp" is-config="true" duration-ms="20540" started-at="2020-12-23T12:55:46Z" finished-at="2020-12-23T12:56:07Z">
          <reporter-output>
          </reporter-output>
        </test-method> <!-- setUp -->
        <test-method status="PASS" signature="loginTest()[pri:0, instance:com.pro.testcases.TC_LoginTest_001@79924b]" name="loginTest" duration-ms="5433" started-at="2020-12-23T12:56:07Z" finished-at="2020-12-23T12:56:12Z">
          <reporter-output>
          </reporter-output>
        </test-method> <!-- loginTest -->
        <test-method status="PASS" signature="tearDowm()[pri:0, instance:com.pro.testcases.TC_LoginTest_001@79924b]" name="tearDowm" is-config="true" duration-ms="1596" started-at="2020-12-23T12:56:12Z" finished-at="2020-12-23T12:56:14Z">
          <reporter-output>
          </reporter-output>
        </test-method> <!-- tearDowm -->
      </class> <!-- com.pro.testcases.TC_LoginTest_001 -->
    </test> <!-- Default test -->
  </suite> <!-- Default suite -->
</testng-results>
